<?xml version="1.0" encoding="UTF-8"?>
<!-- Generated by org.testng.reporters.JUnitReportReporter -->
<testsuite skipped="0" hostname="MacBook-Air.local" name="HandlingClickOperationWithoutClicking" tests="1" failures="0" timestamp="25 Jul 2018 09:30:59 GMT" time="5.920" errors="0">
  <testcase name="performClickWithoutClick" time="5.920" classname="HandlingClickOperationWithoutClicking"/>
</testsuite> <!-- HandlingClickOperationWithoutClicking -->
